/nobackup/dbl0hpc/apps/miniconda3/envs/quast/bin/quast Bombus_terrertris.fasta.gz Genlisea_aurea.fasta.gz Sciurus_vulgaris.fasta.gz

Version: 5.2.0

System information:
  OS: Linux-4.18.0-513.18.1.el8_9.x86_64-x86_64-with-centos-8.9-Green_Obsidian (linux_64)
  Python version: 3.7.12
  CPUs number: 128

Started: 2024-08-06 18:35:38

Logging to /nobackup/lxrj61/lxrj61/My-first-Genome/Bonus_tasks/quast_results/results_2024_08_06_18_35_38/quast.log
NOTICE: Maximum number of threads is set to 32 (use --threads option to set it manually)

CWD: /nobackup/lxrj61/lxrj61/My-first-Genome/Bonus_tasks
Main parameters: 
  MODE: default, threads: 32, min contig length: 500, min alignment length: 65, min alignment IDY: 95.0, \
  ambiguity: one, min local misassembly length: 200, min extensive misassembly length: 1000

Contigs:
  Pre-processing...
  1  Bombus_terrertris.fasta.gz ==> Bombus_terrertris
  2  Genlisea_aurea.fasta.gz ==> Genlisea_aurea
  3  Sciurus_vulgaris.fasta.gz ==> Sciurus_vulgaris

2024-08-06 18:36:03
Running Basic statistics processor...
  Contig files: 
    1  Bombus_terrertris
    2  Genlisea_aurea
    3  Sciurus_vulgaris
  Calculating N50 and L50...
    1  Bombus_terrertris, N50 = 14593050, L50 = 10, auN = 14130465.1, Total length = 392962041, GC % = 38.70, # N's per 100 kbp =  3.52
    2  Genlisea_aurea, N50 = 5786, L50 = 2092, auN = 9329.8, Total length = 43357795, GC % = 40.61, # N's per 100 kbp =  3.42
    3  Sciurus_vulgaris, N50 = 6038668, L50 = 10, auN = 6987069.8, Total length = 210224203, GC % = 39.47, # N's per 100 kbp =  60440.20
  Drawing Nx plot...
    saved to /nobackup/lxrj61/lxrj61/My-first-Genome/Bonus_tasks/quast_results/results_2024_08_06_18_35_38/basic_stats/Nx_plot.pdf
  Drawing cumulative plot...
    saved to /nobackup/lxrj61/lxrj61/My-first-Genome/Bonus_tasks/quast_results/results_2024_08_06_18_35_38/basic_stats/cumulative_plot.pdf
  Drawing GC content plot...
    saved to /nobackup/lxrj61/lxrj61/My-first-Genome/Bonus_tasks/quast_results/results_2024_08_06_18_35_38/basic_stats/GC_content_plot.pdf
  Drawing Bombus_terrertris GC content plot...
    saved to /nobackup/lxrj61/lxrj61/My-first-Genome/Bonus_tasks/quast_results/results_2024_08_06_18_35_38/basic_stats/Bombus_terrertris_GC_content_plot.pdf
  Drawing Genlisea_aurea GC content plot...
    saved to /nobackup/lxrj61/lxrj61/My-first-Genome/Bonus_tasks/quast_results/results_2024_08_06_18_35_38/basic_stats/Genlisea_aurea_GC_content_plot.pdf
  Drawing Sciurus_vulgaris GC content plot...
    saved to /nobackup/lxrj61/lxrj61/My-first-Genome/Bonus_tasks/quast_results/results_2024_08_06_18_35_38/basic_stats/Sciurus_vulgaris_GC_content_plot.pdf
Done.

NOTICE: Genes are not predicted by default. Use --gene-finding or --glimmer option to enable it.

2024-08-06 18:36:30
Creating large visual summaries...
This may take a while: press Ctrl-C to skip this step..
  1 of 2: Creating PDF with all tables and plots...
  2 of 2: Creating Icarus viewers...
Done

2024-08-06 18:36:36
RESULTS:
  Text versions of total report are saved to /nobackup/lxrj61/lxrj61/My-first-Genome/Bonus_tasks/quast_results/results_2024_08_06_18_35_38/report.txt, report.tsv, and report.tex
  Text versions of transposed total report are saved to /nobackup/lxrj61/lxrj61/My-first-Genome/Bonus_tasks/quast_results/results_2024_08_06_18_35_38/transposed_report.txt, transposed_report.tsv, and transposed_report.tex
  HTML version (interactive tables and plots) is saved to /nobackup/lxrj61/lxrj61/My-first-Genome/Bonus_tasks/quast_results/results_2024_08_06_18_35_38/report.html
  PDF version (tables and plots) is saved to /nobackup/lxrj61/lxrj61/My-first-Genome/Bonus_tasks/quast_results/results_2024_08_06_18_35_38/report.pdf
  Icarus (contig browser) is saved to /nobackup/lxrj61/lxrj61/My-first-Genome/Bonus_tasks/quast_results/results_2024_08_06_18_35_38/icarus.html
  Log is saved to /nobackup/lxrj61/lxrj61/My-first-Genome/Bonus_tasks/quast_results/results_2024_08_06_18_35_38/quast.log

Finished: 2024-08-06 18:36:36
Elapsed time: 0:00:57.880724
NOTICEs: 2; WARNINGs: 0; non-fatal ERRORs: 0

Thank you for using QUAST!
